<?xml version="1.0" encoding="UTF-8"?>
<testsuite xmlns:xsi="http://www.w3.org/2001/XMLSchema-instance" xsi:noNamespaceSchemaLocation="https://maven.apache.org/surefire/maven-surefire-plugin/xsd/surefire-test-report-3.0.xsd" version="3.0" name="stationdemo.RunStationDemoTest" time="0.383" tests="1" errors="0" skipped="0" failures="0">
  <properties>
[...]
</properties>
  <testcase name="stationdemo pod delivers a list of stations" classname="Is there a list of stations?" time="0.278">
    <system-out><![CDATA[
Scenario: stationdemo pod delivers a list of stations &amp#27;[90m# stationdemo/is-the-station-list-reachable.feature:3&amp#27;[0m
  &amp#27;[32mGiven &amp#27;[0m&amp#27;[32mthe stationdemo app returns http code 200&amp#27;[0m     &amp#27;[90m# stationdemo.StepDefinitions.the_stationdemo_app_returns_http_code_200()&amp#27;[0m
  &amp#27;[32mWhen &amp#27;[0m&amp#27;[32mwe call the stations url&amp#27;[0m                       &amp#27;[90m# stationdemo.StepDefinitions.we_call_the_stations_url()&amp#27;[0m
  &amp#27;[32mThen &amp#27;[0m&amp#27;[32mwe get a json list of stations&amp#27;[0m                 &amp#27;[90m# stationdemo.StepDefinitions.we_get_a_json_list_of_stations()&amp#27;[0m
]]></system-out>
  </testcase>
</testsuite>